OptumHackathon/app/build/intermediates/manifest_merge_blame_file/debug/manifest-merger-blame-debug-report.txt
1<?xml version="1.0" encoding="utf-8"?>
2<manifest xmlns:android="http://schemas.android.com/apk/res/android"
3    package="com.example.optumhackathon"
4    android:versionCode="1"
5    android:versionName="1.0" >
6
7    <uses-sdk
8        android:minSdkVersion="21"
8-->src\main\AndroidManifest.xml
9        android:targetSdkVersion="31" />
9-->src\main\AndroidManifest.xml
10
11    <uses-permission android:name="android.permission.SET_ALARM" />
11-->src\main\AndroidManifest.xml:5:5-68
11-->src\main\AndroidManifest.xml:5:22-65
12    <uses-permission android:name="android.permission.VIBRATE" />
12-->src\main\AndroidManifest.xml:6:5-66
12-->src\main\AndroidManifest.xml:6:22-63
13
14    <application
14-->src\main\AndroidManifest.xml:8:5-43:19
15        android:allowBackup="true"
15-->src\main\AndroidManifest.xml:9:9-35
16        android:appComponentFactory="androidx.core.app.CoreComponentFactory"
16-->[androidx.core:core:1.5.0] AndroidManifest.xml:24:18-86
17        android:debuggable="true"
18        android:icon="@mipmap/ic_launcher"
18-->src\main\AndroidManifest.xml:10:9-43
19        android:label="MediReward"
19-->src\main\AndroidManifest.xml:11:9-35
20        android:roundIcon="@mipmap/ic_launcher_round"
20-->src\main\AndroidManifest.xml:12:9-54
21        android:supportsRtl="true"
21-->src\main\AndroidManifest.xml:13:9-35
22        android:theme="@style/Theme.OptumHackathon" >
22-->src\main\AndroidManifest.xml:14:9-52
23        <activity
23-->src\main\AndroidManifest.xml:15:9-17:40
24            android:name="com.example.optumhackathon.doctorActivity"
24-->src\main\AndroidManifest.xml:16:13-43
25            android:exported="false" />
25-->src\main\AndroidManifest.xml:17:13-37
26        <activity
26-->src\main\AndroidManifest.xml:18:9-20:40
27            android:name="com.example.optumhackathon.dailyreward"
27-->src\main\AndroidManifest.xml:19:13-40
28            android:exported="false" />
28-->src\main\AndroidManifest.xml:20:13-37
29        <activity
29-->src\main\AndroidManifest.xml:21:9-23:40
30            android:name="com.example.optumhackathon.dailytick"
30-->src\main\AndroidManifest.xml:22:13-38
31            android:exported="false" />
31-->src\main\AndroidManifest.xml:23:13-37
32        <activity
32-->src\main\AndroidManifest.xml:24:9-26:40
33            android:name="com.example.optumhackathon.mainscreen"
33-->src\main\AndroidManifest.xml:25:13-39
34            android:exported="false" />
34-->src\main\AndroidManifest.xml:26:13-37
35        <activity
35-->src\main\AndroidManifest.xml:27:9-29:40
36            android:name="com.example.optumhackathon.login2"
36-->src\main\AndroidManifest.xml:28:13-35
37            android:exported="false" />
37-->src\main\AndroidManifest.xml:29:13-37
38        <activity
38-->src\main\AndroidManifest.xml:30:9-38:20
39            android:name="com.example.optumhackathon.MainActivity"
39-->src\main\AndroidManifest.xml:31:13-41
40            android:exported="true" >
40-->src\main\AndroidManifest.xml:32:13-36
41            <intent-filter>
41-->src\main\AndroidManifest.xml:33:13-37:29
42                <action android:name="android.intent.action.MAIN" />
42-->src\main\AndroidManifest.xml:34:17-69
42-->src\main\AndroidManifest.xml:34:25-66
43
44                <category android:name="android.intent.category.LAUNCHER" />
44-->src\main\AndroidManifest.xml:36:17-77
44-->src\main\AndroidManifest.xml:36:27-74
45            </intent-filter>
46        </activity>
47
48        <receiver
48-->src\main\AndroidManifest.xml:40:9-42:41
49            android:name="com.example.optumhackathon.Notification_reciever"
49-->src\main\AndroidManifest.xml:41:13-50
50            android:process=".remote" />
50-->src\main\AndroidManifest.xml:42:13-38
51    </application>
52
53</manifest>